<?xml version="1.0" encoding="UTF-8"?>
<!-- Generated by org.testng.reporters.JUnitReportReporter -->
<testsuite hostname="LAPTOP-7TR7NGPB" failures="0" tests="1" name="vtigerpracticepakage.CreateOrg" time="9.183" errors="0" timestamp="2023-09-07T13:04:51 AEST" skipped="0">
  <testcase classname="vtigerpracticepakage.CreateOrg" name="createOrg" time="9.183"/>
  <system-out/>
</testsuite> <!-- vtigerpracticepakage.CreateOrg -->
